<?xml version="1.0" encoding="UTF-8"?>
<!-- Generated by org.testng.reporters.JUnitXMLReporter -->
<testsuite ignored="0" hostname="Tathagata" failures="0" tests="4" name="Surefire test" time="3.504" errors="0" timestamp="2024-10-21T02:25:21 IST">
  <testcase classname="api.test.userTest" name="createUserTest" time="2.007"/>
  <testcase classname="api.test.userTest" name="getUserTest" time="0.43"/>
  <testcase classname="api.test.userTest" name="updateUserTest" time="0.549"/>
  <testcase classname="api.test.userTest" name="dltUserTest" time="0.36"/>
</testsuite> <!-- Surefire test -->
