<?xml version="1.0" encoding="UTF-8"?>
<!-- Generated by org.testng.reporters.JUnitXMLReporter -->
<testsuite ignored="0" hostname="Tathagata" failures="0" tests="4" name="Default test" time="4.666" errors="0" timestamp="2024-10-06T18:32:13 IST">
  <testcase classname="api.test.userTest" name="createUserTest" time="2.386"/>
  <testcase classname="api.test.userTest" name="getUserTest" time="0.997"/>
  <testcase classname="api.test.userTest" name="updateUserTest" time="0.608"/>
  <testcase classname="api.test.userTest" name="dltUserTest" time="0.506"/>
</testsuite> <!-- Default test -->
