<?xml version="1.0" encoding="UTF-8"?>
<!-- Generated by org.testng.reporters.JUnitXMLReporter -->
<testsuite ignored="0" hostname="Tathagata" failures="0" tests="4" name="Test" time="4.765" errors="0" timestamp="2024-10-19T20:34:25 IST">
  <testcase classname="api.test.userTest2" name="createUserTest" time="2.669"/>
  <testcase classname="api.test.userTest2" name="getUserTest" time="0.547"/>
  <testcase classname="api.test.userTest2" name="updateUserTest" time="0.715"/>
  <testcase classname="api.test.userTest2" name="dltUserTest" time="0.506"/>
</testsuite> <!-- Test -->
