<?xml version="1.0" encoding="UTF-8"?>
<testsuite xmlns:xsi="http://www.w3.org/2001/XMLSchema-instance" xsi:noNamespaceSchemaLocation="https://maven.apache.org/surefire/maven-surefire-plugin/xsd/surefire-test-report.xsd" version="3.0.2" name="api.test.userTest" time="4.21" tests="4" errors="0" skipped="0" failures="0">
  <properties>
[...]
</properties>
  <testcase name="createUserTest" classname="api.test.userTest" time="2.016">
    <system-out><![CDATA[HTTP/1.1 201 Created
Date: Sun, 20 Oct 2024 20:55:20 GMT
Content-Type: application/json; charset=utf-8
Content-Length: 95
Connection: keep-alive
Cache-Control: max-age=0, private, must-revalidate
etag: W/"69127bb5f1fd808d58b642c50d27f330"
location: https://gorest.co.in/public/v2/users/7481093
referrer-policy: strict-origin-when-cross-origin
vary: Origin
x-content-type-options: nosniff
x-download-options: noopen
x-frame-options: SAMEORIGIN
x-permitted-cross-domain-policies: none
x-ratelimit-limit: 90
x-ratelimit-remaining: 87
x-ratelimit-reset: 1
x-request-id: cbc1c44f-51fa-4c01-bf98-0366df81efbf
x-runtime: 0.138686
x-xss-protection: 0
cf-cache-status: DYNAMIC
Report-To: {"endpoints":[{"url":"https:\/\/a.nel.cloudflare.com\/report\/v4?s=RqgVNWtHdix2vgUAePvFgvrGa4uQkxMarhReaGk0ha9cKmPZylJTJ5jk7dVu16libDtFG1KCazg3ovSL64UrHSHOOpJS4XUniAHzbrhUDLGhWlTaZ2ohmogzJmJecxM%3D"}],"group":"cf-nel","max_age":604800}
NEL: {"success_fraction":0,"report_to":"cf-nel","max_age":604800}
Server: cloudflare
CF-RAY: 8d5be8815d103fe4-BOM
alt-svc: h3=":443"; ma=86400
server-timing: cfL4;desc="?proto=TCP&rtt=47006&sent=5&recv=6&lost=0&retrans=0&sent_bytes=2884&recv_bytes=979&delivery_rate=88956&cwnd=244&unsent_bytes=0&cid=b97a414b26b27a1e&ts=279&x=0"

{
    "id": 7481093,
    "name": "Rosy",
    "email": "andre.wisoky@gmail.com",
    "gender": "male",
    "status": "active"
}
[INFO ] 2024-10-21 02:25:20,109 userTest.createUserTest() - --Test create user---
]]></system-out>
    <system-err><![CDATA[SLF4J(W): No SLF4J providers were found.
SLF4J(W): Defaulting to no-operation (NOP) logger implementation
SLF4J(W): See https://www.slf4j.org/codes.html#noProviders for further details.
]]></system-err>
  </testcase>
  <testcase name="getUserTest" classname="api.test.userTest" time="0.445">
    <system-out><![CDATA[HTTP/1.1 200 OK
Date: Sun, 20 Oct 2024 20:55:21 GMT
Content-Type: application/json; charset=utf-8
Transfer-Encoding: chunked
Connection: keep-alive
Cache-Control: max-age=0, private, must-revalidate
etag: W/"69127bb5f1fd808d58b642c50d27f330"
referrer-policy: strict-origin-when-cross-origin
vary: Origin
x-content-type-options: nosniff
x-download-options: noopen
x-frame-options: SAMEORIGIN
x-permitted-cross-domain-policies: none
x-ratelimit-limit: 90
x-ratelimit-remaining: 89
x-ratelimit-reset: 1
x-request-id: 2ed07a07-2ce1-48fd-9763-d4c50476d8b5
x-runtime: 0.118679
x-xss-protection: 0
cf-cache-status: DYNAMIC
Report-To: {"endpoints":[{"url":"https:\/\/a.nel.cloudflare.com\/report\/v4?s=TIC2GbvOTDAT6jKFOIsmbHPDABt%2BUhe4v1kJx7dtUU3LWC1HVUYLVMqMzsNJQWKoIIO77DfEbrJ6M%2BVZQWosu7%2B6aimunZe0NZuB79w7h%2B61WQ%2Fm%2B6woYQg8zM6J6HY%3D"}],"group":"cf-nel","max_age":604800}
NEL: {"success_fraction":0,"report_to":"cf-nel","max_age":604800}
Server: cloudflare
CF-RAY: 8d5be8867efc4472-BOM
Content-Encoding: gzip
alt-svc: h3=":443"; ma=86400
server-timing: cfL4;desc="?proto=TCP&rtt=48709&sent=5&recv=6&lost=0&retrans=0&sent_bytes=2885&recv_bytes=852&delivery_rate=68244&cwnd=249&unsent_bytes=0&cid=9e6410c25f511db0&ts=299&x=0"

{
    "id": 7481093,
    "name": "Rosy",
    "email": "andre.wisoky@gmail.com",
    "gender": "male",
    "status": "active"
}
[INFO ] 2024-10-21 02:25:20,548 userTest.getUserTest() - --Test get user---
]]></system-out>
  </testcase>
  <testcase name="updateUserTest" classname="api.test.userTest" time="0.549">
    <system-out><![CDATA[HTTP/1.1 200 OK
Date: Sun, 20 Oct 2024 20:55:22 GMT
Content-Type: application/json; charset=utf-8
Transfer-Encoding: chunked
Connection: keep-alive
Cache-Control: max-age=0, private, must-revalidate
etag: W/"8723a0030d419ab680b39aa8058eacfa"
referrer-policy: strict-origin-when-cross-origin
vary: Origin
x-content-type-options: nosniff
x-download-options: noopen
x-frame-options: SAMEORIGIN
x-permitted-cross-domain-policies: none
x-ratelimit-limit: 90
x-ratelimit-remaining: 89
x-ratelimit-reset: 2
x-request-id: a022e91b-8d8a-4b07-96d7-c884472d31be
x-runtime: 0.215164
x-xss-protection: 0
cf-cache-status: DYNAMIC
Report-To: {"endpoints":[{"url":"https:\/\/a.nel.cloudflare.com\/report\/v4?s=deAs4zJzwDdNLbTWGdl48%2F7r%2FxWvqyEIyi3m74BmUy5xXNcyHQGvpdO3O1GJLVAnKTOboKMoXJ8ldzwQuBrx364N%2FVdIGSPd6NLeOTsNBkloA51BhUWfCAP11%2FxKi%2BI%3D"}],"group":"cf-nel","max_age":604800}
NEL: {"success_fraction":0,"report_to":"cf-nel","max_age":604800}
Server: cloudflare
CF-RAY: 8d5be8893afaf56f-BOM
Content-Encoding: gzip
alt-svc: h3=":443"; ma=86400
server-timing: cfL4;desc="?proto=TCP&rtt=50184&sent=5&recv=6&lost=0&retrans=0&sent_bytes=2885&recv_bytes=992&delivery_rate=52486&cwnd=152&unsent_bytes=0&cid=11ff0c0f95ea80fd&ts=414&x=0"

{
    "email": "alfredo.reichert@hotmail.com",
    "name": "Rosy",
    "gender": "male",
    "status": "active",
    "id": 7481093
}
[INFO ] 2024-10-21 02:25:21,112 userTest.updateUserTest() - --Test update user---
]]></system-out>
  </testcase>
  <testcase name="dltUserTest" classname="api.test.userTest" time="0.36">
    <system-out><![CDATA[HTTP/1.1 204 No Content
Date: Sun, 20 Oct 2024 20:55:22 GMT
Connection: keep-alive
Cache-Control: no-cache
referrer-policy: strict-origin-when-cross-origin
vary: Origin
x-content-type-options: nosniff
x-download-options: noopen
x-frame-options: SAMEORIGIN
x-permitted-cross-domain-policies: none
x-ratelimit-limit: 90
x-ratelimit-remaining: 88
x-ratelimit-reset: 2
x-request-id: 0c420c61-57ca-462e-a799-ed8892d1796d
x-runtime: 0.113771
x-xss-protection: 0
cf-cache-status: DYNAMIC
Report-To: {"endpoints":[{"url":"https:\/\/a.nel.cloudflare.com\/report\/v4?s=IYpR93ak3UM%2BbCT3gCmOOQ98vXSLYAbD8V1wGT%2BKtuisRdLbbKgMNzVXxPAY%2Fh605IJOzr2wBgovKy5TnH1DLO4gj0j2smePOClqbArKahLadanFo8HwTY%2BzVnuABXg%3D"}],"group":"cf-nel","max_age":604800}
NEL: {"success_fraction":0,"report_to":"cf-nel","max_age":604800}
Server: cloudflare
CF-RAY: 8d5be88c5f73482f-BOM
alt-svc: h3=":443"; ma=86400
server-timing: cfL4;desc="?proto=TCP&rtt=42246&sent=5&recv=6&lost=0&retrans=0&sent_bytes=2885&recv_bytes=855&delivery_rate=86513&cwnd=180&unsent_bytes=0&cid=6869af6c2cc31540&ts=259&x=0"
[INFO ] 2024-10-21 02:25:21,472 userTest.dltUserTest() - --Test delete user---
]]></system-out>
  </testcase>
</testsuite>