<?xml version="1.0" encoding="UTF-8"?>
<testng-results ignored="0" total="4" passed="4" failed="0" skipped="0">
  <reporter-output>
  </reporter-output>
  <suite started-at="2024-10-21T02:25:17 IST" name="Surefire suite" finished-at="2024-10-21T02:25:21 IST" duration-ms="3504">
    <groups>
    </groups>
    <test started-at="2024-10-21T02:25:17 IST" name="Surefire test" finished-at="2024-10-21T02:25:21 IST" duration-ms="3504">
      <class name="api.test.userTest">
        <test-method is-config="true" signature="setData()[pri:0, instance:api.test.userTest@3382f8ae]" started-at="2024-10-21T02:25:17 IST" name="setData" finished-at="2024-10-21T02:25:18 IST" duration-ms="110" status="PASS">
          <reporter-output>
          </reporter-output>
        </test-method> <!-- setData -->
        <test-method signature="createUserTest()[pri:1, instance:api.test.userTest@3382f8ae]" started-at="2024-10-21T02:25:18 IST" name="createUserTest" finished-at="2024-10-21T02:25:20 IST" duration-ms="2007" status="PASS">
          <reporter-output>
          </reporter-output>
        </test-method> <!-- createUserTest -->
        <test-method signature="getUserTest()[pri:2, instance:api.test.userTest@3382f8ae]" started-at="2024-10-21T02:25:20 IST" name="getUserTest" finished-at="2024-10-21T02:25:20 IST" duration-ms="430" status="PASS">
          <reporter-output>
          </reporter-output>
        </test-method> <!-- getUserTest -->
        <test-method signature="updateUserTest()[pri:3, instance:api.test.userTest@3382f8ae]" started-at="2024-10-21T02:25:20 IST" name="updateUserTest" finished-at="2024-10-21T02:25:21 IST" duration-ms="549" status="PASS">
          <reporter-output>
          </reporter-output>
        </test-method> <!-- updateUserTest -->
        <test-method signature="dltUserTest()[pri:4, instance:api.test.userTest@3382f8ae]" started-at="2024-10-21T02:25:21 IST" name="dltUserTest" finished-at="2024-10-21T02:25:21 IST" duration-ms="360" status="PASS">
          <reporter-output>
          </reporter-output>
        </test-method> <!-- dltUserTest -->
      </class> <!-- api.test.userTest -->
    </test> <!-- Surefire test -->
  </suite> <!-- Surefire suite -->
</testng-results>
