<?xml version="1.0" encoding="UTF-8"?>
<testng-results ignored="0" total="4" passed="4" failed="0" skipped="0">
  <reporter-output>
  </reporter-output>
  <suite started-at="2024-10-19T20:34:20 IST" name="Suite" finished-at="2024-10-19T20:34:25 IST" duration-ms="4765">
    <groups>
    </groups>
    <test started-at="2024-10-19T20:34:20 IST" name="Test" finished-at="2024-10-19T20:34:25 IST" duration-ms="4765">
      <class name="api.test.userTest2">
        <test-method is-config="true" signature="setData()[pri:0, instance:api.test.userTest2@5bbc9f97]" started-at="2024-10-19T20:34:21 IST" name="setData" finished-at="2024-10-19T20:34:21 IST" duration-ms="122" status="PASS">
          <reporter-output>
          </reporter-output>
        </test-method> <!-- setData -->
        <test-method signature="createUserTest()[pri:1, instance:api.test.userTest2@5bbc9f97]" started-at="2024-10-19T20:34:21 IST" name="createUserTest" finished-at="2024-10-19T20:34:23 IST" duration-ms="2669" status="PASS">
          <reporter-output>
          </reporter-output>
        </test-method> <!-- createUserTest -->
        <test-method signature="getUserTest()[pri:2, instance:api.test.userTest2@5bbc9f97]" started-at="2024-10-19T20:34:23 IST" name="getUserTest" finished-at="2024-10-19T20:34:24 IST" duration-ms="547" status="PASS">
          <reporter-output>
          </reporter-output>
        </test-method> <!-- getUserTest -->
        <test-method signature="updateUserTest()[pri:3, instance:api.test.userTest2@5bbc9f97]" started-at="2024-10-19T20:34:24 IST" name="updateUserTest" finished-at="2024-10-19T20:34:25 IST" duration-ms="715" status="PASS">
          <reporter-output>
          </reporter-output>
        </test-method> <!-- updateUserTest -->
        <test-method signature="dltUserTest()[pri:4, instance:api.test.userTest2@5bbc9f97]" started-at="2024-10-19T20:34:25 IST" name="dltUserTest" finished-at="2024-10-19T20:34:25 IST" duration-ms="506" status="PASS">
          <reporter-output>
          </reporter-output>
        </test-method> <!-- dltUserTest -->
      </class> <!-- api.test.userTest2 -->
    </test> <!-- Test -->
  </suite> <!-- Suite -->
</testng-results>
